{
  "stats": {
    "suites": 2,
    "tests": 2,
    "passes": 2,
    "pending": 0,
    "failures": 0,
    "start": "2022-09-14T11:07:39.405Z",
    "end": "2022-09-14T11:07:48.169Z",
    "duration": 8764,
    "testsRegistered": 2,
    "passPercent": 100,
    "pendingPercent": 0,
    "other": 0,
    "hasOther": false,
    "skipped": 0,
    "hasSkipped": false
  },
  "results": [
    {
      "uuid": "0fed06bd-a294-422a-b70a-cafd4b1b992a",
      "title": "",
      "fullFile": "",
      "file": "",
      "beforeHooks": [],
      "afterHooks": [],
      "tests": [],
      "suites": [
        {
          "uuid": "1ccdeab5-0027-482c-a192-bec525b5ca8e",
          "title": "add another todo tests",
          "fullFile": "/Users/lorrainelescour/Desktop/SELENIUM/test/test2.js",
          "file": "/test/test2.js",
          "beforeHooks": [],
          "afterHooks": [],
          "tests": [
            {
              "title": "successfully adds another todo to application",
              "fullTitle": "add another todo tests successfully adds another todo to application",
              "timedOut": null,
              "duration": 8053,
              "state": "passed",
              "speed": "slow",
              "pass": true,
              "fail": false,
              "pending": false,
              "context": null,
              "code": "// Ici on donne un exemple de recherche dans le navigateur\nvar searchString = \"Automation testing with Selenium and JavaScript\";\n// On crée une nouvelle instance de navigateur pour Google Chrome\nlet driver = await new Builder().forBrowser(\"chrome\").build();\n// On navigue vers l'application Web à l'aide du driver.get\nawait driver.get(\"http://google.com\");\n// On envoie une requête de recherche en passant la valeur dans searchString\nawait driver.findElement(By.id(\"L2AGLb\")).sendKeys(Key.RETURN);\nawait driver.findElement(By.name(\"q\")).sendKeys(searchString, Key.RETURN);\n// On vérifie le titre de la page et on l'affiche dans le terminal\nvar title = await driver.getTitle();\nconsole.log('Le titre est :', title);\n// On utilise driver.quit pour fermer le navigateur\nawait driver.quit();",
              "err": {},
              "uuid": "9118ab42-1275-46df-9047-be90ffec4f55",
              "parentUUID": null,
              "isHook": false,
              "skipped": false
            }
          ],
          "suites": [],
          "passes": [
            "9118ab42-1275-46df-9047-be90ffec4f55"
          ],
          "failures": [],
          "pending": [],
          "skipped": [],
          "duration": 8053,
          "root": false,
          "rootEmpty": false,
          "_timeout": null
        },
        {
          "uuid": "12deae0e-1e78-455a-893e-ffb8b1a649d0",
          "title": "add todo tests",
          "fullFile": "/Users/lorrainelescour/Desktop/SELENIUM/test/test.js",
          "file": "/test/test.js",
          "beforeHooks": [],
          "afterHooks": [],
          "tests": [
            {
              "title": "successfully adds a todo to application",
              "fullTitle": "add todo tests successfully adds a todo to application",
              "timedOut": null,
              "duration": 8292,
              "state": "passed",
              "speed": "slow",
              "pass": true,
              "fail": false,
              "pending": false,
              "context": null,
              "code": "// Ici on donne un exemple de recherche dans le navigateur\nvar searchString = \"Automation testing with Selenium and JavaScript\";\n// On crée une nouvelle instance de navigateur pour Google Chrome\nlet driver = await new Builder().forBrowser(\"chrome\").build();\n// On navigue vers l'application Web à l'aide du driver.get\nawait driver.get(\"http://google.com\");\n// On envoie une requête de recherche en passant la valeur dans searchString\nawait driver.findElement(By.id(\"L2AGLb\")).sendKeys(Key.RETURN);\nawait driver.findElement(By.name(\"q\")).sendKeys(searchString, Key.RETURN);\n// On vérifie le titre de la page et on l'affiche dans le terminal\nvar title = await driver.getTitle();\nconsole.log('Le titre est :', title);\n// On utilise driver.quit pour fermer le navigateur\nawait driver.quit();",
              "err": {},
              "uuid": "9f825095-6b32-429e-957d-42fdd1917264",
              "parentUUID": null,
              "isHook": false,
              "skipped": false
            }
          ],
          "suites": [],
          "passes": [
            "9f825095-6b32-429e-957d-42fdd1917264"
          ],
          "failures": [],
          "pending": [],
          "skipped": [],
          "duration": 8292,
          "root": false,
          "rootEmpty": false,
          "_timeout": null
        }
      ],
      "passes": [],
      "failures": [],
      "pending": [],
      "skipped": [],
      "duration": 0,
      "root": true,
      "rootEmpty": true,
      "_timeout": 0
    }
  ],
  "meta": {
    "mocha": {
      "version": "10.0.0"
    },
    "mochawesome": {
      "options": {
        "quiet": false,
        "reportFilename": "mochawesome",
        "saveHtml": true,
        "saveJson": true,
        "consoleReporter": "spec",
        "useInlineDiffs": false,
        "code": true
      },
      "version": "7.1.3"
    },
    "marge": {
      "options": null,
      "version": "6.2.0"
    }
  }
}